<?xml version="1.0" encoding="UTF-8"?>
<!-- Generated by org.testng.reporters.JUnitReportReporter -->
<testsuite hostname="DESKTOP-36I5IH9" failures="0" tests="2" name="NGTest.NewTest" time="0.007" errors="0" timestamp="2024-04-12T12:03:32 IST" skipped="0">
  <testcase classname="NGTest.NewTest" name="f" time="0.002"/>
  <system-out/>
  <testcase classname="NGTest.NewTest" name="f" time="0.005"/>
  <system-out/>
</testsuite> <!-- NGTest.NewTest -->
